\BOOKMARK [1][-]{Doc-Start}{\376\377\000R\000e\000m\000e\000r\000c\000i\000e\000m\000e\000n\000t\000s}{}% 1
\BOOKMARK [1][-]{section.1}{\376\377\000I\000n\000t\000r\000o\000d\000u\000c\000t\000i\000o\000n}{}% 2
\BOOKMARK [2][-]{subsection.1.1}{\376\377\000C\000o\000n\000t\000e\000x\000t\000e\000\040\000d\000e\000\040\000l\000a\000\040\000c\000e\000r\000t\000i\000f\000i\000c\000a\000t\000i\000o\000n}{section.1}% 3
\BOOKMARK [2][-]{subsection.1.2}{\376\377\000P\000\351\000r\000i\000m\000\350\000t\000r\000e\000\040\000e\000t\000\040\000p\000r\000o\000j\000e\000t\000s\000\040\000p\000r\000\351\000s\000e\000n\000t\000\351\000s}{section.1}% 4
\BOOKMARK [2][-]{subsection.1.3}{\376\377\000M\000\351\000t\000h\000o\000d\000o\000l\000o\000g\000i\000e\000\040\000d\000e\000\040\000r\000\351\000d\000a\000c\000t\000i\000o\000n}{section.1}% 5
\BOOKMARK [2][-]{subsection.1.4}{\376\377\000C\000o\000n\000v\000e\000n\000t\000i\000o\000n\000s\000\040\000t\000y\000p\000o\000g\000r\000a\000p\000h\000i\000q\000u\000e\000s}{section.1}% 6
\BOOKMARK [2][-]{subsection.1.5}{\376\377\000S\000t\000a\000c\000k\000\040\000t\000e\000c\000h\000n\000i\000q\000u\000e\000\040\000t\000r\000a\000n\000s\000v\000e\000r\000s\000a\000l\000e}{section.1}% 7
\BOOKMARK [2][-]{subsection.1.6}{\376\377\000O\000r\000g\000a\000n\000i\000s\000a\000t\000i\000o\000n\000\040\000d\000u\000\040\000r\000a\000p\000p\000o\000r\000t}{section.1}% 8
\BOOKMARK [1][-]{section.2}{\376\377\000P\000r\000\351\000s\000e\000n\000t\000a\000t\000i\000o\000n\000\040\000d\000'\000e\000n\000t\000r\000e\000p\000r\000i\000s\000e}{}% 9
\BOOKMARK [2][-]{subsection.2.1}{\376\377\000E\000n\000t\000r\000e\000p\000r\000i\000s\000e}{section.2}% 10
\BOOKMARK [3][-]{subsubsection.2.1.1}{\376\377\000G\000e\000i\000s\000m\000a\000r}{subsection.2.1}% 11
\BOOKMARK [2][-]{subsection.2.2}{\376\377\000L\000e\000\040\000p\000o\000s\000t\000e\000\040\000:\000\040\000A\000l\000t\000e\000r\000n\000a\000n\000t\000\040\000D\000a\000t\000a\000\040\000E\000n\000g\000i\000n\000e\000e\000r}{section.2}% 12
\BOOKMARK [3][-]{subsubsection.2.2.1}{\376\377\000C\000o\000n\000t\000e\000x\000t\000e}{subsection.2.2}% 13
\BOOKMARK [3][-]{subsubsection.2.2.2}{\376\377\000M\000i\000s\000s\000i\000o\000n\000s}{subsection.2.2}% 14
\BOOKMARK [3][-]{subsubsection.2.2.3}{\376\377\000E\000n\000v\000i\000r\000o\000n\000n\000e\000m\000e\000n\000t\000\040\000t\000e\000c\000h\000n\000i\000q\000u\000e}{subsection.2.2}% 15
\BOOKMARK [1][-]{section.3}{\376\377\000S\000y\000n\000t\000h\000\350\000s\000e\000\040\000d\000e\000s\000\040\000b\000l\000o\000c\000s\000\040\000d\000e\000\040\000c\000o\000m\000p\000\351\000t\000e\000n\000c\000e\000s\000\040\000R\000N\000C\000P\0003\0006\0007\0003\0009}{}% 16
\BOOKMARK [1][-]{section.4}{\376\377\000B\000l\000o\000c\000\040\0001\000\040\040\024\000\040\000C\000o\000n\000c\000e\000v\000o\000i\000r\000\040\000e\000t\000\040\000d\000\351\000v\000e\000l\000o\000p\000p\000e\000r\000\040\000u\000n\000e\000\040\000a\000r\000c\000h\000i\000t\000e\000c\000t\000u\000r\000e\000\040\000d\000e\000\040\000s\000t\000o\000c\000k\000a\000g\000e\000\040\000d\000e\000\040\000d\000o\000n\000n\000\351\000e\000s}{}% 17
\BOOKMARK [2][-]{subsection.4.1}{\376\377\000C\000o\000m\000p\000\351\000t\000e\000n\000c\000e\000s\000\040\000v\000i\000s\000\351\000e\000s}{section.4}% 18
\BOOKMARK [2][-]{subsection.4.2}{\376\377\000C\000o\000n\000t\000e\000x\000t\000e\000\040\000e\000t\000\040\000e\000n\000j\000e\000u\000x}{section.4}% 19
\BOOKMARK [3][-]{subsubsection.4.2.1}{\376\377\000A\000C\000I\000D\000\040\000v\000s\000\040\000B\000A\000S\000E\000\040\040\024\000\040\000l\000e\000s\000\040\000d\000e\000u\000x\000\040\000p\000a\000r\000a\000d\000i\000g\000m\000e\000s\000\040\000d\000u\000\040\000s\000t\000o\000c\000k\000a\000g\000e}{subsection.4.2}% 20
\BOOKMARK [2][-]{subsection.4.3}{\376\377\000A\000n\000a\000l\000y\000s\000e\000\040\000c\000o\000m\000p\000a\000r\000a\000t\000i\000v\000e\000\040\000d\000e\000s\000\040\000m\000o\000d\000\350\000l\000e\000s\000\040\000d\000e\000\040\000s\000t\000o\000c\000k\000a\000g\000e}{section.4}% 21
\BOOKMARK [2][-]{subsection.4.4}{\376\377\000P\000a\000n\000o\000r\000a\000m\000a\000\040\000d\000e\000\040\000n\000o\000s\000\040\000r\000\351\000a\000l\000i\000s\000a\000t\000i\000o\000n\000s}{section.4}% 22
\BOOKMARK [2][-]{subsection.4.5}{\376\377\000J\000o\000b\000t\000e\000c\000h\000\040\040\024\000\040\000A\000r\000c\000h\000i\000t\000e\000c\000t\000u\000r\000e\000\040\000M\000e\000d\000a\000l\000l\000i\000o\000n\000\040\000B\000r\000o\000n\000z\000e\000\040\000\040\000S\000i\000l\000v\000e\000r\000\040\000\040\000G\000o\000l\000d}{section.4}% 23
\BOOKMARK [3][-]{subsubsection.4.5.1}{\376\377\000C\000o\000n\000t\000e\000x\000t\000e}{subsection.4.5}% 24
\BOOKMARK [3][-]{subsubsection.4.5.2}{\376\377\000A\000r\000c\000h\000i\000t\000e\000c\000t\000u\000r\000e}{subsection.4.5}% 25
\BOOKMARK [3][-]{subsubsection.4.5.3}{\376\377\000G\000e\000s\000t\000i\000o\000n\000n\000a\000i\000r\000e\000\040\000d\000e\000\040\000c\000o\000n\000n\000e\000x\000i\000o\000n\000s\000\040\000M\000y\000S\000Q\000L}{subsection.4.5}% 26
\BOOKMARK [3][-]{subsubsection.4.5.4}{\376\377\000I\000n\000s\000e\000r\000t\000i\000o\000n\000\040\000e\000n\000\040\000m\000a\000s\000s\000e}{subsection.4.5}% 27
\BOOKMARK [3][-]{subsubsection.4.5.5}{\376\377\000I\000n\000t\000\351\000g\000r\000a\000t\000i\000o\000n\000\040\000m\000u\000l\000t\000i\000-\000s\000o\000u\000r\000c\000e\000s\000\040\040\024\000\040\000g\000e\000s\000t\000i\000o\000n\000\040\000d\000e\000\040\000l\000a\000\040\000h\000e\000t\000e\000r\000o\000g\000\351\000n\000\351\000i\000t\000\351}{subsection.4.5}% 28
\BOOKMARK [3][-]{subsubsection.4.5.6}{\376\377\000C\000o\000u\000c\000h\000e\000\040\000B\000r\000o\000n\000z\000e\000\040\040\024\000\040\000P\000a\000r\000q\000u\000e\000t\000\040\000o\000p\000t\000i\000m\000i\000s\000\351}{subsection.4.5}% 29
\BOOKMARK [3][-]{subsubsection.4.5.7}{\376\377\000P\000i\000p\000e\000l\000i\000n\000e\000\040\000S\000i\000l\000v\000e\000r\000\040\040\024\000\040\000t\000r\000a\000n\000s\000f\000o\000r\000m\000a\000t\000i\000o\000n\000\040\000e\000t\000\040\000d\000o\000u\000b\000l\000e\000\040\000s\000t\000o\000c\000k\000a\000g\000e}{subsection.4.5}% 30
\BOOKMARK [3][-]{subsubsection.4.5.8}{\376\377\000R\000\351\000s\000u\000l\000t\000a\000t\000s\000\040\000c\000h\000i\000f\000f\000r\000\351\000s}{subsection.4.5}% 31
\BOOKMARK [3][-]{subsubsection.4.5.9}{\376\377\000A\000P\000I\000\040\000G\000o\000l\000d\000\040\040\024\000\040\000D\000j\000a\000n\000g\000o\000\040\000R\000E\000S\000T\000\040\000F\000r\000a\000m\000e\000w\000o\000r\000k}{subsection.4.5}% 32
\BOOKMARK [3][-]{subsubsection.4.5.10}{\376\377\000M\000o\000d\000\351\000l\000i\000s\000a\000t\000i\000o\000n\000\040\000d\000u\000\040\000s\000c\000h\000\351\000m\000a\000\040\000r\000e\000l\000a\000t\000i\000o\000n\000n\000e\000l\000\040\040\024\000\040\000n\000o\000r\000m\000a\000l\000i\000s\000a\000t\000i\000o\000n\000\040\000e\000t\000\040\000c\000o\000n\000t\000r\000a\000i\000n\000t\000e\000s}{subsection.4.5}% 33
\BOOKMARK [2][-]{subsection.4.6}{\376\377\000p\000r\000o\000j\000e\000c\000t\000\137\000c\000l\000o\000u\000d\000\040\040\024\000\040\000A\000r\000c\000h\000i\000t\000e\000c\000t\000u\000r\000e\000\040\000N\000o\000S\000Q\000L\000\040\000s\000u\000r\000\040\000A\000W\000S}{section.4}% 34
\BOOKMARK [3][-]{subsubsection.4.6.1}{\376\377\000C\000o\000n\000t\000e\000x\000t\000e}{subsection.4.6}% 35
\BOOKMARK [3][-]{subsubsection.4.6.2}{\376\377\000A\000r\000c\000h\000i\000t\000e\000c\000t\000u\000r\000e}{subsection.4.6}% 36
\BOOKMARK [3][-]{subsubsection.4.6.3}{\376\377\000G\000l\000o\000b\000a\000l\000\040\000S\000e\000c\000o\000n\000d\000a\000r\000y\000\040\000I\000n\000d\000e\000x\000\040\040\024\000\040\000a\000c\000c\000\350\000s\000\040\000O\000\050\0001\000\051}{subsection.4.6}% 37
\BOOKMARK [3][-]{subsubsection.4.6.4}{\376\377\000C\000o\000u\000c\000h\000e\000\040\000G\000o\000l\000d\000\040\040\024\000\040\0001\0000\000\040\000t\000a\000b\000l\000e\000s\000\040\000d\000'\000a\000g\000r\000\351\000g\000a\000t\000s\000\040\000p\000r\000\351\000-\000c\000a\000l\000c\000u\000l\000\351\000s}{subsection.4.6}% 38
\BOOKMARK [3][-]{subsubsection.4.6.5}{\376\377\000R\000\351\000s\000u\000l\000t\000a\000t\000s\000\040\000c\000h\000i\000f\000f\000r\000\351\000s}{subsection.4.6}% 39
\BOOKMARK [3][-]{subsubsection.4.6.6}{\376\377\000P\000o\000l\000i\000t\000i\000q\000u\000e\000\040\000d\000e\000\040\000c\000a\000p\000a\000c\000i\000t\000\351\000\040\000D\000y\000n\000a\000m\000o\000D\000B\000\040\000e\000t\000\040\000g\000e\000s\000t\000i\000o\000n\000\040\000d\000u\000\040\000t\000h\000r\000o\000t\000t\000l\000i\000n\000g}{subsection.4.6}% 40
\BOOKMARK [3][-]{subsubsection.4.6.7}{\376\377\000S\000t\000r\000u\000c\000t\000u\000r\000e\000\040\000d\000e\000\040\000d\000o\000n\000n\000\351\000e\000s\000\040\000e\000t\000\040\000s\000\351\000r\000i\000a\000l\000i\000s\000a\000t\000i\000o\000n\000\040\000D\000y\000n\000a\000m\000o\000D\000B}{subsection.4.6}% 41
\BOOKMARK [2][-]{subsection.4.7}{\376\377\000S\000y\000n\000t\000h\000\350\000s\000e\000\040\000d\000e\000s\000\040\000c\000o\000m\000p\000\351\000t\000e\000n\000c\000e\000s\000\040\000d\000\351\000m\000o\000n\000t\000r\000\351\000e\000s}{section.4}% 42
\BOOKMARK [1][-]{section.5}{\376\377\000B\000l\000o\000c\000\040\0002\000\040\040\024\000\040\000C\000o\000n\000c\000e\000v\000o\000i\000r\000,\000\040\000d\000\351\000v\000e\000l\000o\000p\000p\000e\000r\000\040\000e\000t\000\040\000d\000\351\000p\000l\000o\000y\000e\000r\000\040\000u\000n\000e\000\040\000s\000o\000l\000u\000t\000i\000o\000n\000\040\000d\000e\000\040\000t\000r\000a\000i\000t\000e\000m\000e\000n\000t\000\040\000d\000e\000s\000\040\000d\000o\000n\000n\000\351\000e\000s\000\040\000m\000a\000s\000s\000i\000v\000e\000s}{}% 43
\BOOKMARK [2][-]{subsection.5.1}{\376\377\000C\000o\000m\000p\000\351\000t\000e\000n\000c\000e\000s\000\040\000v\000i\000s\000\351\000e\000s}{section.5}% 44
\BOOKMARK [2][-]{subsection.5.2}{\376\377\000C\000o\000n\000t\000e\000x\000t\000e\000\040\000e\000t\000\040\000e\000n\000j\000e\000u\000x}{section.5}% 45
\BOOKMARK [2][-]{subsection.5.3}{\376\377\000P\000a\000n\000o\000r\000a\000m\000a\000\040\000d\000e\000\040\000n\000o\000s\000\040\000r\000\351\000a\000l\000i\000s\000a\000t\000i\000o\000n\000s}{section.5}% 46
\BOOKMARK [2][-]{subsection.5.4}{\376\377\000p\000r\000o\000j\000e\000t\000\137\000s\000p\000a\000r\000k\000\040\040\024\000\040\000T\000r\000a\000i\000t\000e\000m\000e\000n\000t\000\040\000m\000a\000s\000s\000i\000f\000\040\000d\000i\000s\000t\000r\000i\000b\000u\000\351\000\040\000s\000u\000r\000\040\000c\000l\000u\000s\000t\000e\000r\000\040\000S\000p\000a\000r\000k}{section.5}% 47
\BOOKMARK [3][-]{subsubsection.5.4.1}{\376\377\000C\000o\000n\000t\000e\000x\000t\000e}{subsection.5.4}% 48
\BOOKMARK [3][-]{subsubsection.5.4.2}{\376\377\000T\000o\000p\000o\000l\000o\000g\000i\000e\000\040\000d\000u\000\040\000c\000l\000u\000s\000t\000e\000r\000\040\000S\000p\000a\000r\000k}{subsection.5.4}% 49
\BOOKMARK [3][-]{subsubsection.5.4.3}{\376\377\000A\000r\000c\000h\000i\000t\000e\000c\000t\000u\000r\000e}{subsection.5.4}% 50
\BOOKMARK [3][-]{subsubsection.5.4.4}{\376\377\000A\000n\000a\000l\000y\000s\000e\000\040\000e\000x\000p\000l\000o\000r\000a\000t\000o\000i\000r\000e\000\040\000e\000t\000\040\000v\000o\000l\000u\000m\000\351\000t\000r\000i\000e}{subsection.5.4}% 51
\BOOKMARK [3][-]{subsubsection.5.4.5}{\376\377\000I\000n\000g\000e\000s\000t\000i\000o\000n\000\040\000b\000a\000t\000c\000h\000\040\040\024\000\040\000B\000r\000o\000n\000z\000e\000\040\000m\000\351\000t\000\351\000o\000\040\000O\000p\000e\000n\000-\000M\000e\000t\000e\000o}{subsection.5.4}% 52
\BOOKMARK [3][-]{subsubsection.5.4.6}{\376\377\000I\000n\000g\000e\000s\000t\000i\000o\000n\000\040\000s\000t\000r\000e\000a\000m\000i\000n\000g\000\040\040\024\000\040\000B\000r\000o\000n\000z\000e\000\040\000v\000o\000l\000s}{subsection.5.4}% 53
\BOOKMARK [3][-]{subsubsection.5.4.7}{\376\377\000T\000r\000a\000n\000s\000f\000o\000r\000m\000a\000t\000i\000o\000n\000\040\000S\000i\000l\000v\000e\000r\000\040\040\024\000\040\000n\000o\000r\000m\000a\000l\000i\000s\000a\000t\000i\000o\000n\000\040\000e\000t\000\040\000u\000n\000i\000f\000i\000c\000a\000t\000i\000o\000n\000\040\000t\000e\000m\000p\000o\000r\000e\000l\000l\000e}{subsection.5.4}% 54
\BOOKMARK [3][-]{subsubsection.5.4.8}{\376\377\000M\000o\000d\000\350\000l\000e\000\040\000d\000'\000e\000x\000\351\000c\000u\000t\000i\000o\000n\000\040\000S\000p\000a\000r\000k\000\040\000S\000t\000r\000u\000c\000t\000u\000r\000e\000d\000\040\000S\000t\000r\000e\000a\000m\000i\000n\000g}{subsection.5.4}% 55
\BOOKMARK [3][-]{subsubsection.5.4.9}{\376\377\000C\000o\000u\000c\000h\000e\000\040\000G\000o\000l\000d\000\040\040\024\000\040\000c\000i\000n\000q\000\040\000a\000n\000a\000l\000y\000s\000e\000s\000\040\000S\000p\000a\000r\000k\000\040\000S\000Q\000L\000\040\000v\000e\000r\000s\000\040\000M\000y\000S\000Q\000L}{subsection.5.4}% 56
\BOOKMARK [3][-]{subsubsection.5.4.10}{\376\377\000L\000e\000s\000\040\000c\000i\000n\000q\000\040\000a\000n\000a\000l\000y\000s\000e\000s\000\040\000G\000o\000l\000d\000\040\040\024\000\040\000c\000o\000n\000t\000e\000n\000u\000\040\000e\000t\000\040\000v\000a\000l\000e\000u\000r\000\040\000m\000\351\000t\000i\000e\000r}{subsection.5.4}% 57
\BOOKMARK [3][-]{subsubsection.5.4.11}{\376\377\000R\000\351\000s\000u\000l\000t\000a\000t\000s\000\040\000c\000h\000i\000f\000f\000r\000\351\000s}{subsection.5.4}% 58
\BOOKMARK [3][-]{subsubsection.5.4.12}{\376\377\000A\000d\000a\000p\000t\000i\000v\000e\000\040\000Q\000u\000e\000r\000y\000\040\000E\000x\000e\000c\000u\000t\000i\000o\000n\000\040\040\024\000\040\000m\000\351\000c\000a\000n\000i\000s\000m\000e\000s\000\040\000e\000t\000\040\000g\000a\000i\000n\000s}{subsection.5.4}% 59
\BOOKMARK [3][-]{subsubsection.5.4.13}{\376\377\000H\000i\000v\000e\000\040\000M\000e\000t\000a\000s\000t\000o\000r\000e\000\040\040\024\000\040\000p\000e\000r\000s\000i\000s\000t\000a\000n\000c\000e\000\040\000e\000t\000\040\000g\000o\000u\000v\000e\000r\000n\000a\000n\000c\000e\000\040\000S\000i\000l\000v\000e\000r}{subsection.5.4}% 60
\BOOKMARK [3][-]{subsubsection.5.4.14}{\376\377\000O\000p\000t\000i\000m\000i\000s\000a\000t\000i\000o\000n\000\040\000d\000u\000\040\000p\000i\000p\000e\000l\000i\000n\000e\000\040\000B\000r\000o\000n\000z\000e\000\040\040\024\000\040\000p\000a\000r\000t\000i\000t\000i\000o\000n\000n\000e\000m\000e\000n\000t\000\040\000e\000t\000\040\000p\000u\000s\000h\000d\000o\000w\000n}{subsection.5.4}% 61
\BOOKMARK [2][-]{subsection.5.5}{\376\377\000f\000i\000z\000z\000b\000u\000z\000z\000-\000E\000f\000r\000e\000i\000\040\040\024\000\040\000C\000h\000a\000\356\000n\000e\000\040\000D\000e\000v\000O\000p\000s\000\040\000C\000I\000/\000C\000D\000\040\000e\000t\000\040\000C\000o\000n\000t\000a\000i\000n\000e\000r\000i\000s\000a\000t\000i\000o\000n}{section.5}% 62
\BOOKMARK [3][-]{subsubsection.5.5.1}{\376\377\000C\000o\000n\000t\000e\000x\000t\000e}{subsection.5.5}% 63
\BOOKMARK [3][-]{subsubsection.5.5.2}{\376\377\000P\000i\000p\000e\000l\000i\000n\000e\000\040\000C\000I\000/\000C\000D}{subsection.5.5}% 64
\BOOKMARK [3][-]{subsubsection.5.5.3}{\376\377\000C\000o\000n\000t\000a\000i\000n\000e\000r\000i\000s\000a\000t\000i\000o\000n\000\040\000D\000o\000c\000k\000e\000r\000\040\000p\000r\000o\000d\000u\000c\000t\000i\000o\000n\000-\000g\000r\000a\000d\000e}{subsection.5.5}% 65
\BOOKMARK [3][-]{subsubsection.5.5.4}{\376\377\000R\000\351\000s\000u\000l\000t\000a\000t\000s\000\040\000c\000h\000i\000f\000f\000r\000\351\000s}{subsection.5.5}% 66
\BOOKMARK [3][-]{subsubsection.5.5.5}{\376\377\000D\000o\000c\000k\000e\000r\000\040\000C\000o\000m\000p\000o\000s\000e\000\040\040\024\000\040\000o\000r\000c\000h\000e\000s\000t\000r\000a\000t\000i\000o\000n\000\040\000m\000u\000l\000t\000i\000-\000c\000o\000n\000t\000e\000n\000e\000u\000r\000s}{subsection.5.5}% 67
\BOOKMARK [3][-]{subsubsection.5.5.6}{\376\377\000S\000t\000r\000a\000t\000\351\000g\000i\000e\000\040\000d\000e\000\040\000s\000\351\000c\000u\000r\000i\000t\000\351\000\040\000d\000e\000\040\000l\000'\000i\000m\000a\000g\000e\000\040\000D\000o\000c\000k\000e\000r}{subsection.5.5}% 68
\BOOKMARK [3][-]{subsubsection.5.5.7}{\376\377\000A\000n\000a\000l\000y\000s\000e\000\040\000d\000e\000\040\000c\000o\000u\000v\000e\000r\000t\000u\000r\000e\000\040\000e\000t\000\040\000q\000u\000a\000l\000i\000t\000\351\000\040\000d\000u\000\040\000c\000o\000d\000e}{subsection.5.5}% 69
\BOOKMARK [2][-]{subsection.5.6}{\376\377\000S\000y\000n\000t\000h\000\350\000s\000e\000\040\000d\000e\000s\000\040\000c\000o\000m\000p\000\351\000t\000e\000n\000c\000e\000s\000\040\000d\000\351\000m\000o\000n\000t\000r\000\351\000e\000s}{section.5}% 70
\BOOKMARK [1][-]{section.6}{\376\377\000B\000l\000o\000c\000\040\0003\000\040\040\024\000\040\000I\000m\000p\000l\000\351\000m\000e\000n\000t\000e\000r\000\040\000e\000t\000\040\000o\000p\000t\000i\000m\000i\000s\000e\000r\000\040\000d\000e\000s\000\040\000s\000o\000l\000u\000t\000i\000o\000n\000s\000\040\000d\000e\000\040\000s\000t\000o\000c\000k\000a\000g\000e\000\040\000e\000t\000\040\000d\000e\000\040\000t\000r\000a\000i\000t\000e\000m\000e\000n\000t\000\040\000d\000e\000\040\000d\000o\000n\000n\000\351\000e\000s\000\040\000s\000u\000r\000\040\000l\000e\000\040\000c\000l\000o\000u\000d}{}% 71
\BOOKMARK [2][-]{subsection.6.1}{\376\377\000C\000o\000m\000p\000\351\000t\000e\000n\000c\000e\000s\000\040\000v\000i\000s\000\351\000e\000s}{section.6}% 72
\BOOKMARK [2][-]{subsection.6.2}{\376\377\000C\000o\000n\000t\000e\000x\000t\000e\000\040\000e\000t\000\040\000e\000n\000j\000e\000u\000x}{section.6}% 73
\BOOKMARK [2][-]{subsection.6.3}{\376\377\000C\000o\000n\000t\000e\000x\000t\000e\000\040\000e\000t\000\040\000e\000n\000j\000e\000u\000x}{section.6}% 74
\BOOKMARK [3][-]{subsubsection.6.3.1}{\376\377\000P\000o\000s\000i\000t\000i\000o\000n\000n\000e\000m\000e\000n\000t\000\040\000d\000a\000n\000s\000\040\000l\000'\000\351\000c\000o\000s\000y\000s\000t\000\350\000m\000e\000\040\000A\000W\000S}{subsection.6.3}% 75
\BOOKMARK [2][-]{subsection.6.4}{\376\377\000A\000r\000c\000h\000i\000t\000e\000c\000t\000u\000r\000e\000\040\000c\000l\000o\000u\000d}{section.6}% 76
\BOOKMARK [2][-]{subsection.6.5}{\376\377\000S\000t\000o\000c\000k\000a\000g\000e\000\040\000S\0003\000\040\040\024\000\040\000l\000a\000c\000\040\000d\000e\000\040\000d\000o\000n\000n\000\351\000e\000s\000\040\000b\000r\000u\000t\000e\000s\000\040\000h\000o\000r\000o\000d\000a\000t\000\351}{section.6}% 77
\BOOKMARK [2][-]{subsection.6.6}{\376\377\000D\000y\000n\000a\000m\000o\000D\000B\000\040\040\024\000\040\000m\000o\000d\000\350\000l\000e\000\040\000d\000'\000a\000c\000c\000\350\000s\000\040\000e\000t\000\040\000G\000S\000I}{section.6}% 78
\BOOKMARK [3][-]{subsubsection.6.6.1}{\376\377\000M\000o\000d\000\350\000l\000e\000\040\000d\000e\000\040\000d\000o\000n\000n\000\351\000e\000s}{subsection.6.6}% 79
\BOOKMARK [3][-]{subsubsection.6.6.2}{\376\377\000G\000l\000o\000b\000a\000l\000\040\000S\000e\000c\000o\000n\000d\000a\000r\000y\000\040\000I\000n\000d\000e\000x\000\040\040\024\000\040\000r\000e\000q\000u\000\352\000t\000e\000\040\000O\000\050\0001\000\051\000\040\000s\000u\000r\000\040\000l\000e\000\040\000d\000e\000r\000n\000i\000e\000r\000\040\000s\000n\000a\000p\000s\000h\000o\000t}{subsection.6.6}% 80
\BOOKMARK [3][-]{subsubsection.6.6.3}{\376\377\000I\000n\000g\000e\000s\000t\000i\000o\000n\000\040\000i\000n\000c\000r\000\351\000m\000e\000n\000t\000a\000l\000e\000\040\000d\000e\000p\000u\000i\000s\000\040\000S\0003}{subsection.6.6}% 81
\BOOKMARK [2][-]{subsection.6.7}{\376\377\000A\000g\000r\000\351\000g\000a\000t\000i\000o\000n\000\040\040\024\000\040\0001\0000\000\040\000t\000a\000b\000l\000e\000s\000\040\000a\000n\000a\000l\000y\000t\000i\000q\000u\000e\000s}{section.6}% 82
\BOOKMARK [2][-]{subsection.6.8}{\376\377\000P\000e\000r\000f\000o\000r\000m\000a\000n\000c\000e\000\040\000L\000a\000m\000b\000d\000a\000\040\040\024\000\040\000c\000o\000l\000d\000\040\000s\000t\000a\000r\000t\000\040\000e\000t\000\040\000o\000p\000t\000i\000m\000i\000s\000a\000t\000i\000o\000n}{section.6}% 83
\BOOKMARK [3][-]{subsubsection.6.8.1}{\376\377\000C\000o\000l\000d\000\040\000s\000t\000a\000r\000t\000\040\000L\000a\000m\000b\000d\000a\000\040\000e\000t\000\040\000s\000t\000r\000a\000t\000\351\000g\000i\000e\000s\000\040\000d\000e\000\040\000m\000i\000t\000i\000g\000a\000t\000i\000o\000n}{subsection.6.8}% 84
\BOOKMARK [3][-]{subsubsection.6.8.2}{\376\377\000G\000e\000s\000t\000i\000o\000n\000\040\000d\000e\000s\000\040\000d\000\351\000p\000e\000n\000d\000a\000n\000c\000e\000s\000\040\000L\000a\000m\000b\000d\000a\000\040\040\024\000\040\000l\000a\000y\000e\000r\000s}{subsection.6.8}% 85
\BOOKMARK [2][-]{subsection.6.9}{\376\377\000L\000a\000m\000b\000d\000a\000\040\000e\000t\000\040\000A\000P\000I\000\040\000G\000a\000t\000e\000w\000a\000y\000\040\040\024\000\040\0001\0003\000\040\000e\000n\000d\000p\000o\000i\000n\000t\000s\000\040\000s\000e\000r\000v\000e\000r\000l\000e\000s\000s}{section.6}% 86
\BOOKMARK [2][-]{subsection.6.10}{\376\377\000R\000\351\000s\000u\000l\000t\000a\000t\000s\000\040\000e\000t\000\040\000i\000n\000d\000i\000c\000a\000t\000e\000u\000r\000s}{section.6}% 87
\BOOKMARK [2][-]{subsection.6.11}{\376\377\000S\000\351\000c\000u\000r\000i\000t\000\351\000\040\000e\000t\000\040\000g\000e\000s\000t\000i\000o\000n\000\040\000d\000e\000s\000\040\000i\000d\000e\000n\000t\000i\000t\000\351\000s\000\040\000\050\000I\000A\000M\000\051}{section.6}% 88
\BOOKMARK [3][-]{subsubsection.6.11.1}{\376\377\000P\000r\000i\000n\000c\000i\000p\000e\000\040\000d\000u\000\040\000m\000o\000i\000n\000d\000r\000e\000\040\000p\000r\000i\000v\000i\000l\000\350\000g\000e\000\040\000s\000u\000r\000\040\000A\000W\000S}{subsection.6.11}% 89
\BOOKMARK [3][-]{subsubsection.6.11.2}{\376\377\000C\000h\000i\000f\000f\000r\000e\000m\000e\000n\000t\000\040\000e\000t\000\040\000p\000r\000o\000t\000e\000c\000t\000i\000o\000n\000\040\000d\000e\000s\000\040\000d\000o\000n\000n\000\351\000e\000s}{subsection.6.11}% 90
\BOOKMARK [3][-]{subsubsection.6.11.3}{\376\377\000A\000u\000t\000o\000m\000a\000t\000i\000s\000a\000t\000i\000o\000n\000\040\000d\000e\000\040\000l\000'\000i\000n\000g\000e\000s\000t\000i\000o\000n\000\040\000p\000a\000r\000\040\000E\000v\000e\000n\000t\000B\000r\000i\000d\000g\000e\000\040\000S\000c\000h\000e\000d\000u\000l\000e\000r}{subsection.6.11}% 91
\BOOKMARK [2][-]{subsection.6.12}{\376\377\000O\000p\000t\000i\000m\000i\000s\000a\000t\000i\000o\000n\000\040\000d\000e\000s\000\040\000c\000o\000\373\000t\000s\000\040\000c\000l\000o\000u\000d}{section.6}% 92
\BOOKMARK [3][-]{subsubsection.6.12.1}{\376\377\000M\000o\000d\000\350\000l\000e\000\040\000d\000e\000\040\000t\000a\000r\000i\000f\000i\000c\000a\000t\000i\000o\000n\000\040\000s\000e\000r\000v\000e\000r\000l\000e\000s\000s\000\040\000v\000s\000\040\000s\000e\000r\000v\000e\000u\000r\000\040\000p\000e\000r\000m\000a\000n\000e\000n\000t}{subsection.6.12}% 93
\BOOKMARK [3][-]{subsubsection.6.12.2}{\376\377\000O\000p\000t\000i\000m\000i\000s\000a\000t\000i\000o\000n\000\040\000d\000u\000\040\000s\000t\000o\000c\000k\000a\000g\000e\000\040\000S\0003}{subsection.6.12}% 94
\BOOKMARK [2][-]{subsection.6.13}{\376\377\000S\000u\000r\000v\000e\000i\000l\000l\000a\000n\000c\000e\000\040\000e\000t\000\040\000o\000b\000s\000e\000r\000v\000a\000b\000i\000l\000i\000t\000\351}{section.6}% 95
\BOOKMARK [3][-]{subsubsection.6.13.1}{\376\377\000C\000l\000o\000u\000d\000W\000a\000t\000c\000h\000\040\000M\000e\000t\000r\000i\000c\000s\000\040\040\024\000\040\000t\000a\000b\000l\000e\000a\000u\000\040\000d\000e\000\040\000b\000o\000r\000d\000\040\000o\000p\000\351\000r\000a\000t\000i\000o\000n\000n\000e\000l}{subsection.6.13}% 96
\BOOKMARK [2][-]{subsection.6.14}{\376\377\000S\000y\000n\000t\000h\000\350\000s\000e\000\040\000d\000e\000s\000\040\000c\000o\000m\000p\000\351\000t\000e\000n\000c\000e\000s\000\040\000d\000\351\000m\000o\000n\000t\000r\000\351\000e\000s}{section.6}% 97
\BOOKMARK [1][-]{section.7}{\376\377\000B\000l\000o\000c\000\040\0004\000\040\040\024\000\040\000I\000m\000p\000l\000\351\000m\000e\000n\000t\000e\000r\000\040\000d\000e\000s\000\040\000m\000\351\000t\000h\000o\000d\000e\000s\000\040\000d\000'\000i\000n\000t\000e\000l\000l\000i\000g\000e\000n\000c\000e\000\040\000a\000r\000t\000i\000f\000i\000c\000i\000e\000l\000l\000e}{}% 98
\BOOKMARK [2][-]{subsection.7.1}{\376\377\000C\000o\000m\000p\000\351\000t\000e\000n\000c\000e\000s\000\040\000v\000i\000s\000\351\000e\000s}{section.7}% 99
\BOOKMARK [2][-]{subsection.7.2}{\376\377\000C\000o\000n\000t\000e\000x\000t\000e\000\040\000e\000t\000\040\000e\000n\000j\000e\000u\000x}{section.7}% 100
\BOOKMARK [2][-]{subsection.7.3}{\376\377\000A\000r\000c\000h\000i\000t\000e\000c\000t\000u\000r\000e\000\040\000e\000t\000\040\000c\000y\000c\000l\000e\000\040\000M\000L}{section.7}% 101
\BOOKMARK [2][-]{subsection.7.4}{\376\377\000A\000n\000a\000l\000y\000s\000e\000\040\000e\000x\000p\000l\000o\000r\000a\000t\000o\000i\000r\000e\000\040\000d\000u\000\040\000d\000o\000m\000a\000i\000n\000e}{section.7}% 102
\BOOKMARK [3][-]{subsubsection.7.4.1}{\376\377\000C\000o\000n\000t\000e\000x\000t\000e\000\040\000i\000n\000d\000u\000s\000t\000r\000i\000e\000l\000\040\000d\000e\000\040\000l\000a\000\040\000m\000a\000i\000n\000t\000e\000n\000a\000n\000c\000e\000\040\000p\000r\000\351\000d\000i\000c\000t\000i\000v\000e}{subsection.7.4}% 103
\BOOKMARK [2][-]{subsection.7.5}{\376\377\000P\000r\000\351\000p\000a\000r\000a\000t\000i\000o\000n\000\040\000d\000e\000s\000\040\000d\000o\000n\000n\000\351\000e\000s\000\040\000e\000t\000\040\000p\000i\000p\000e\000l\000i\000n\000e\000\040\000d\000e\000\040\000t\000r\000a\000n\000s\000f\000o\000r\000m\000a\000t\000i\000o\000n}{section.7}% 104
\BOOKMARK [3][-]{subsubsection.7.5.1}{\376\377\000F\000e\000a\000t\000u\000r\000e\000s\000\040\000e\000t\000\040\000c\000i\000b\000l\000e}{subsection.7.5}% 105
\BOOKMARK [3][-]{subsubsection.7.5.2}{\376\377\000P\000i\000p\000e\000l\000i\000n\000e\000\040\000s\000k\000l\000e\000a\000r\000n}{subsection.7.5}% 106
\BOOKMARK [2][-]{subsection.7.6}{\376\377\000E\000n\000t\000r\000a\000\356\000n\000e\000m\000e\000n\000t\000\040\000c\000o\000m\000p\000a\000r\000a\000t\000i\000f\000\040\000e\000t\000\040\000s\000\351\000l\000e\000c\000t\000i\000o\000n\000\040\000d\000u\000\040\000m\000e\000i\000l\000l\000e\000u\000r\000\040\000m\000o\000d\000\350\000l\000e}{section.7}% 107
\BOOKMARK [3][-]{subsubsection.7.6.1}{\376\377\000A\000r\000c\000h\000i\000t\000e\000c\000t\000u\000r\000e\000\040\000d\000u\000\040\000b\000e\000n\000c\000h\000m\000a\000r\000k}{subsection.7.6}% 108
\BOOKMARK [3][-]{subsubsection.7.6.2}{\376\377\000H\000i\000s\000t\000G\000r\000a\000d\000i\000e\000n\000t\000B\000o\000o\000s\000t\000i\000n\000g\000C\000l\000a\000s\000s\000i\000f\000i\000e\000r\000\040\040\024\000\040\000a\000l\000g\000o\000r\000i\000t\000h\000m\000e\000\040\000e\000t\000\040\000a\000v\000a\000n\000t\000a\000g\000e\000s}{subsection.7.6}% 109
\BOOKMARK [3][-]{subsubsection.7.6.3}{\376\377\000M\000o\000d\000\350\000l\000e\000s\000\040\000c\000a\000n\000d\000i\000d\000a\000t\000s}{subsection.7.6}% 110
\BOOKMARK [2][-]{subsection.7.7}{\376\377\000R\000\351\000s\000u\000l\000t\000a\000t\000s\000\040\000e\000t\000\040\000\351\000v\000a\000l\000u\000a\000t\000i\000o\000n}{section.7}% 111
\BOOKMARK [3][-]{subsubsection.7.7.1}{\376\377\000T\000\342\000c\000h\000e\000\040\0001\000\040\040\024\000\040\000C\000l\000a\000s\000s\000i\000f\000i\000c\000a\000t\000i\000o\000n\000\040\000b\000i\000n\000a\000i\000r\000e\000\040\000:\000\040\000f\000a\000i\000l\000u\000r\000e\000\137\000w\000i\000t\000h\000i\000n\000\137\0002\0004\000h}{subsection.7.7}% 112
\BOOKMARK [3][-]{subsubsection.7.7.2}{\376\377\000T\000\342\000c\000h\000e\000\040\0002\000\040\040\024\000\040\000C\000l\000a\000s\000s\000i\000f\000i\000c\000a\000t\000i\000o\000n\000\040\000m\000u\000l\000t\000i\000c\000l\000a\000s\000s\000e\000\040\000:\000\040\000f\000a\000i\000l\000u\000r\000e\000\137\000t\000y\000p\000e\000\040\000\050\0005\000\040\000c\000l\000a\000s\000s\000e\000s\000\051}{subsection.7.7}% 113
\BOOKMARK [3][-]{subsubsection.7.7.3}{\376\377\000I\000n\000t\000e\000r\000p\000r\000\351\000t\000a\000b\000i\000l\000i\000t\000\351\000\040\040\024\000\040\000I\000m\000p\000o\000r\000t\000a\000n\000c\000e\000\040\000d\000e\000s\000\040\000v\000a\000r\000i\000a\000b\000l\000e\000s}{subsection.7.7}% 114
\BOOKMARK [2][-]{subsection.7.8}{\376\377\000D\000\351\000p\000l\000o\000i\000e\000m\000e\000n\000t\000\040\000e\000t\000\040\000r\000e\000p\000r\000o\000d\000u\000c\000t\000i\000b\000i\000l\000i\000t\000\351}{section.7}% 115
\BOOKMARK [3][-]{subsubsection.7.8.1}{\376\377\000G\000e\000s\000t\000i\000o\000n\000\040\000d\000e\000s\000\040\000a\000r\000t\000e\000f\000a\000c\000t\000s\000\040\000M\000L}{subsection.7.8}% 116
\BOOKMARK [3][-]{subsubsection.7.8.2}{\376\377\000C\000o\000n\000f\000i\000g\000u\000r\000a\000t\000i\000o\000n\000\040\000c\000e\000n\000t\000r\000a\000l\000i\000s\000\351\000e\000\040\040\024\000\040\000T\000A\000S\000K\000\137\000C\000O\000N\000F\000I\000G\000S}{subsection.7.8}% 117
\BOOKMARK [2][-]{subsection.7.9}{\376\377\000M\000i\000s\000e\000\040\000e\000n\000\040\000s\000e\000r\000v\000i\000c\000e\000\040\040\024\000\040\000F\000a\000s\000t\000A\000P\000I\000\040\000e\000t\000\040\000S\000t\000r\000e\000a\000m\000l\000i\000t}{section.7}% 118
\BOOKMARK [3][-]{subsubsection.7.9.1}{\376\377\000A\000P\000I\000\040\000d\000e\000\040\000p\000r\000\351\000d\000i\000c\000t\000i\000o\000n\000\040\000F\000a\000s\000t\000A\000P\000I}{subsection.7.9}% 119
\BOOKMARK [3][-]{subsubsection.7.9.2}{\376\377\000T\000a\000b\000l\000e\000a\000u\000\040\000d\000e\000\040\000b\000o\000r\000d\000\040\000S\000t\000r\000e\000a\000m\000l\000i\000t\000\040\040\024\000\040\000E\000D\000A\000\040\000e\000t\000\040\000c\000o\000m\000m\000u\000n\000i\000c\000a\000t\000i\000o\000n\000\040\000v\000i\000s\000u\000e\000l\000l\000e}{subsection.7.9}% 120
\BOOKMARK [3][-]{subsubsection.7.9.3}{\376\377\000T\000e\000s\000t\000s\000\040\000a\000u\000t\000o\000m\000a\000t\000i\000s\000\351\000s}{subsection.7.9}% 121
\BOOKMARK [2][-]{subsection.7.10}{\376\377\000A\000n\000a\000l\000y\000s\000e\000\040\000d\000e\000s\000\040\000e\000r\000r\000e\000u\000r\000s\000\040\000e\000t\000\040\000m\000a\000t\000r\000i\000c\000e\000\040\000d\000e\000\040\000c\000o\000n\000f\000u\000s\000i\000o\000n}{section.7}% 122
\BOOKMARK [3][-]{subsubsection.7.10.1}{\376\377\000T\000\342\000c\000h\000e\000\040\000b\000i\000n\000a\000i\000r\000e\000\040\040\024\000\040\000a\000n\000a\000l\000y\000s\000e\000\040\000p\000r\000\351\000c\000i\000s\000i\000o\000n\000\040\000v\000s\000\040\000r\000a\000p\000p\000e\000l}{subsection.7.10}% 123
\BOOKMARK [3][-]{subsubsection.7.10.2}{\376\377\000T\000\342\000c\000h\000e\000\040\000m\000u\000l\000t\000i\000c\000l\000a\000s\000s\000e\000\040\040\024\000\040\000a\000n\000a\000l\000y\000s\000e\000\040\000p\000a\000r\000\040\000c\000l\000a\000s\000s\000e}{subsection.7.10}% 124
\BOOKMARK [2][-]{subsection.7.11}{\376\377\000R\000o\000b\000u\000s\000t\000e\000s\000s\000e\000\040\000e\000t\000\040\000v\000a\000l\000i\000d\000a\000t\000i\000o\000n\000\040\000c\000r\000o\000i\000s\000\351\000e}{section.7}% 125
\BOOKMARK [3][-]{subsubsection.7.11.1}{\376\377\000C\000h\000o\000i\000x\000\040\000d\000u\000\040\000s\000p\000l\000i\000t\000\040\000s\000t\000r\000a\000t\000i\000f\000i\000\351\000\040\000v\000s\000\040\000k\000-\000f\000o\000l\000d\000\040\000c\000r\000o\000s\000s\000-\000v\000a\000l\000i\000d\000a\000t\000i\000o\000n}{subsection.7.11}% 126
\BOOKMARK [3][-]{subsubsection.7.11.2}{\376\377\000I\000n\000t\000e\000r\000p\000r\000\351\000t\000a\000b\000i\000l\000i\000t\000\351\000\040\040\024\000\040\000l\000i\000m\000i\000t\000e\000s\000\040\000d\000e\000\040\000l\000a\000\040\000p\000e\000r\000m\000u\000t\000a\000t\000i\000o\000n\000\040\000i\000m\000p\000o\000r\000t\000a\000n\000c\000e}{subsection.7.11}% 127
\BOOKMARK [2][-]{subsection.7.12}{\376\377\000S\000y\000n\000t\000h\000\350\000s\000e\000\040\000d\000e\000s\000\040\000c\000o\000m\000p\000\351\000t\000e\000n\000c\000e\000s\000\040\000d\000\351\000m\000o\000n\000t\000r\000\351\000e\000s}{section.7}% 128
\BOOKMARK [1][-]{section.8}{\376\377\000B\000l\000o\000c\000\040\0005\000\040\040\024\000\040\000C\000o\000n\000c\000e\000v\000o\000i\000r\000\040\000u\000n\000e\000\040\000s\000t\000r\000a\000t\000\351\000g\000i\000e\000\040\000d\000e\000\040\000m\000a\000n\000a\000g\000e\000m\000e\000n\000t\000\040\000e\000t\000\040\000d\000e\000\040\000g\000o\000u\000v\000e\000r\000n\000a\000n\000c\000e\000\040\000d\000e\000\040\000d\000o\000n\000n\000\351\000e\000s\000\040\000p\000o\000u\000r\000\040\000t\000r\000a\000n\000s\000f\000o\000r\000m\000e\000r\000\040\000l\000e\000s\000\040\000d\000o\000n\000n\000\351\000e\000s\000\040\000e\000n\000\040\000i\000n\000f\000o\000r\000m\000a\000t\000i\000o\000n\000s\000\040\000c\000r\000\351\000a\000t\000r\000i\000c\000e\000s\000\040\000d\000e\000\040\000v\000a\000l\000e\000u\000r}{}% 129
\BOOKMARK [2][-]{subsection.8.1}{\376\377\000C\000o\000m\000p\000\351\000t\000e\000n\000c\000e\000s\000\040\000v\000i\000s\000\351\000e\000s}{section.8}% 130
\BOOKMARK [2][-]{subsection.8.2}{\376\377\000C\000o\000n\000t\000e\000x\000t\000e\000\040\000e\000t\000\040\000e\000n\000j\000e\000u\000x}{section.8}% 131
\BOOKMARK [2][-]{subsection.8.3}{\376\377\000G\000o\000u\000v\000e\000r\000n\000a\000n\000c\000e\000\040\000d\000e\000s\000\040\000d\000o\000n\000n\000\351\000e\000s\000\040\040\024\000\040\000r\000\364\000l\000e\000s\000,\000\040\000r\000e\000s\000p\000o\000n\000s\000a\000b\000i\000l\000i\000t\000\351\000s\000,\000\040\000c\000a\000t\000a\000l\000o\000g\000u\000e}{section.8}% 132
\BOOKMARK [3][-]{subsubsection.8.3.1}{\376\377\000M\000o\000d\000\350\000l\000e\000\040\000d\000e\000\040\000r\000\364\000l\000e\000s\000\040\000R\000A\000C\000I\000\040\000a\000p\000p\000l\000i\000q\000u\000\351\000\040\000a\000u\000x\000\040\000p\000r\000o\000j\000e\000t\000s}{subsection.8.3}% 133
\BOOKMARK [3][-]{subsubsection.8.3.2}{\376\377\000C\000a\000t\000a\000l\000o\000g\000u\000e\000\040\000d\000e\000\040\000d\000o\000n\000n\000\351\000e\000s\000\040\000e\000t\000\040\000l\000i\000g\000n\000a\000g\000e}{subsection.8.3}% 134
\BOOKMARK [2][-]{subsection.8.4}{\376\377\000Q\000u\000a\000l\000i\000t\000\351\000\040\000d\000e\000s\000\040\000d\000o\000n\000n\000\351\000e\000s\000\040\040\024\000\040\000a\000u\000d\000i\000t\000\040\000e\000t\000\040\000r\000e\000m\000\351\000d\000i\000a\000t\000i\000o\000n}{section.8}% 135
\BOOKMARK [3][-]{subsubsection.8.4.1}{\376\377\000D\000i\000m\000e\000n\000s\000i\000o\000n\000s\000\040\000d\000e\000\040\000l\000a\000\040\000q\000u\000a\000l\000i\000t\000\351}{subsection.8.4}% 136
\BOOKMARK [3][-]{subsubsection.8.4.2}{\376\377\000S\000c\000o\000r\000e\000\040\000d\000e\000\040\000q\000u\000a\000l\000i\000t\000\351\000\040\000S\000i\000l\000v\000e\000r\000\040\040\024\000\040\000J\000o\000b\000t\000e\000c\000h}{subsection.8.4}% 137
\BOOKMARK [3][-]{subsubsection.8.4.3}{\376\377\000P\000l\000a\000n\000\040\000d\000e\000\040\000r\000e\000m\000\351\000d\000i\000a\000t\000i\000o\000n}{subsection.8.4}% 138
\BOOKMARK [2][-]{subsection.8.5}{\376\377\000C\000o\000n\000f\000o\000r\000m\000i\000t\000\351\000\040\000e\000t\000\040\000r\000\351\000g\000l\000e\000m\000e\000n\000t\000a\000t\000i\000o\000n}{section.8}% 139
\BOOKMARK [3][-]{subsubsection.8.5.1}{\376\377\000R\000G\000P\000D\000\040\000e\000t\000\040\000d\000o\000n\000n\000\351\000e\000s\000\040\000p\000e\000r\000s\000o\000n\000n\000e\000l\000l\000e\000s}{subsection.8.5}% 140
\BOOKMARK [3][-]{subsubsection.8.5.2}{\376\377\000T\000r\000a\000\347\000a\000b\000i\000l\000i\000t\000\351\000\040\000e\000t\000\040\000a\000u\000d\000i\000t\000a\000b\000i\000l\000i\000t\000\351}{subsection.8.5}% 141
\BOOKMARK [2][-]{subsection.8.6}{\376\377\000S\000t\000r\000a\000t\000\351\000g\000i\000e\000\040\000d\000e\000\040\000s\000\351\000c\000u\000r\000i\000t\000\351\000\040\000d\000e\000s\000\040\000d\000o\000n\000n\000\351\000e\000s}{section.8}% 142
\BOOKMARK [3][-]{subsubsection.8.6.1}{\376\377\000M\000a\000t\000r\000i\000c\000e\000\040\000d\000e\000\040\000s\000\351\000c\000u\000r\000i\000t\000\351\000\040\000p\000a\000r\000\040\000c\000o\000u\000c\000h\000e}{subsection.8.6}% 143
\BOOKMARK [3][-]{subsubsection.8.6.2}{\376\377\000P\000o\000l\000i\000t\000i\000q\000u\000e\000\040\000d\000'\000a\000c\000c\000\350\000s\000\040\000a\000u\000x\000\040\000d\000o\000n\000n\000\351\000e\000s}{subsection.8.6}% 144
\BOOKMARK [2][-]{subsection.8.7}{\376\377\000S\000y\000n\000t\000h\000\350\000s\000e\000\040\000d\000e\000s\000\040\000c\000o\000m\000p\000\351\000t\000e\000n\000c\000e\000s\000\040\000d\000\351\000m\000o\000n\000t\000r\000\351\000e\000s}{section.8}% 145
\BOOKMARK [1][-]{section.9}{\376\377\000C\000o\000n\000c\000l\000u\000s\000i\000o\000n}{}% 146
\BOOKMARK [2][-]{subsection.9.1}{\376\377\000F\000i\000l\000\040\000c\000o\000n\000d\000u\000c\000t\000e\000u\000r\000\040\040\024\000\040\000d\000u\000\040\000s\000t\000o\000c\000k\000a\000g\000e\000\040\000\340\000\040\000l\000a\000\040\000v\000a\000l\000e\000u\000r\000\040\000m\000\351\000t\000i\000e\000r}{section.9}% 147
\BOOKMARK [2][-]{subsection.9.2}{\376\377\000S\000y\000n\000t\000h\000\350\000s\000e\000\040\000d\000e\000s\000\040\000c\000o\000m\000p\000\351\000t\000e\000n\000c\000e\000s\000\040\000a\000c\000q\000u\000i\000s\000e\000s}{section.9}% 148
\BOOKMARK [2][-]{subsection.9.3}{\376\377\000P\000r\000o\000g\000r\000e\000s\000s\000i\000o\000n\000\040\000o\000b\000s\000e\000r\000v\000\351\000e\000\040\000s\000u\000r\000\040\000d\000e\000u\000x\000\040\000a\000n\000n\000\351\000e\000s}{section.9}% 149
\BOOKMARK [2][-]{subsection.9.4}{\376\377\000P\000r\000i\000s\000e\000\040\000d\000e\000\040\000r\000e\000c\000u\000l\000\040\040\024\000\040\000l\000i\000m\000i\000t\000e\000s\000\040\000e\000t\000\040\000a\000x\000e\000s\000\040\000d\000'\000a\000m\000\351\000l\000i\000o\000r\000a\000t\000i\000o\000n}{section.9}% 150
\BOOKMARK [2][-]{subsection.9.5}{\376\377\000O\000u\000v\000e\000r\000t\000u\000r\000e}{section.9}% 151
